TN:
SF:app.js
FNF:0
FNH:0
DA:1,1
DA:2,1
DA:3,1
DA:4,1
DA:5,1
DA:6,1
DA:9,1
DA:10,1
DA:11,1
DA:13,1
DA:14,1
DA:16,1
LF:12
LH:12
BRF:0
BRH:0
end_of_record
TN:
SF:logger.js
FN:1,(anonymous_0)
FNF:1
FNH:1
FNDA:10,(anonymous_0)
DA:1,1
DA:2,10
DA:3,10
DA:6,1
LF:4
LH:4
BRF:0
BRH:0
end_of_record
TN:
SF:__tests__/integration/config.js
FN:7,(anonymous_0)
FNF:1
FNH:1
FNDA:8,(anonymous_0)
DA:1,1
DA:2,1
DA:3,1
DA:5,1
DA:7,1
DA:8,8
DA:9,8
DA:12,8
DA:13,0
DA:14,0
DA:17,8
DA:21,1
LF:12
LH:10
BRF:0
BRH:0
end_of_record
TN:
SF:controllers/translate.js
FN:3,show
FNF:1
FNH:1
FNDA:4,show
DA:1,2
DA:4,4
DA:5,4
DA:6,4
DA:7,2
DA:9,2
DA:13,2
LF:7
LH:7
BRF:0
BRH:0
end_of_record
TN:
SF:controllers/users.js
FN:6,(anonymous_0)
FN:15,register
FN:29,login
FN:40,(anonymous_3)
FNF:4
FNH:2
FNDA:2,(anonymous_0)
FNDA:6,register
FNDA:0,login
FNDA:0,(anonymous_3)
DA:1,2
DA:2,2
DA:4,2
DA:6,2
DA:7,2
DA:8,2
DA:9,1
DA:11,1
DA:16,6
DA:17,6
DA:19,6
DA:21,6
DA:22,4
DA:23,1
DA:25,5
DA:30,0
DA:31,0
DA:32,0
DA:33,0
DA:34,0
DA:36,0
DA:38,0
DA:39,0
DA:40,0
DA:41,0
DA:42,0
DA:44,0
DA:50,0
DA:57,0
DA:60,0
DA:64,2
LF:31
LH:16
BRDA:33,0,0,0
BRDA:33,0,1,0
BRDA:38,1,0,0
BRDA:38,1,1,0
BRDA:41,2,0,0
BRDA:41,2,1,0
BRF:6
BRH:0
end_of_record
TN:
SF:db/connect.js
FNF:0
FNH:0
DA:1,5
DA:3,5
DA:8,5
LF:3
LH:3
BRDA:4,0,0,5
BRDA:4,0,1,0
BRF:2
BRH:1
end_of_record
TN:
SF:models/Translate.js
FN:4,(anonymous_0)
FN:12,(anonymous_1)
FN:21,(anonymous_2)
FNF:3
FNH:3
FNDA:12,(anonymous_0)
FNDA:4,(anonymous_1)
FNDA:12,(anonymous_2)
DA:1,3
DA:5,12
DA:13,4
DA:17,4
DA:18,2
DA:21,12
DA:25,3
LF:7
LH:7
BRDA:17,0,0,2
BRDA:17,0,1,2
BRF:2
BRH:2
end_of_record
TN:
SF:models/User.js
FN:4,(anonymous_0)
FN:12,(anonymous_1)
FN:21,(anonymous_2)
FN:32,(anonymous_3)
FN:43,(anonymous_4)
FNF:5
FNH:5
FNDA:3,(anonymous_0)
FNDA:2,(anonymous_1)
FNDA:2,(anonymous_2)
FNDA:2,(anonymous_3)
FNDA:5,(anonymous_4)
DA:1,3
DA:5,3
DA:13,2
DA:14,2
DA:15,1
DA:18,1
DA:22,2
DA:26,2
DA:27,1
DA:29,1
DA:33,2
DA:37,2
DA:38,1
DA:40,1
DA:44,5
DA:45,5
DA:49,1
DA:53,3
LF:18
LH:18
BRDA:14,0,0,1
BRDA:14,0,1,1
BRDA:26,1,0,1
BRDA:26,1,1,1
BRDA:37,2,0,1
BRDA:37,2,1,1
BRF:6
BRH:6
end_of_record
TN:
SF:routers/translate.js
FNF:0
FNH:0
DA:1,1
DA:2,1
DA:3,1
DA:5,1
DA:7,1
LF:5
LH:5
BRF:0
BRH:0
end_of_record
TN:
SF:routers/user.js
FNF:0
FNH:0
DA:1,1
DA:2,1
DA:4,1
DA:6,1
DA:7,1
DA:9,1
LF:6
LH:6
BRF:0
BRH:0
end_of_record
